{"uuid":"3773d0a9-a82c-4903-bfb3-6fd474e37ed0","historyId":"929471c41f01a09371fd8c2b9021cb24","fullName":"SOT-COH: SOT-COH","labels":[{"name":"tag","value":"handsUpSquad"},{"name":"host","value":"GMLMAULUCA"},{"name":"thread","value":"22036@GMLMAULUCA.main(1)"},{"name":"feature","value":"SOT-COH"},{"name":"story","value":"SOT-COH"},{"name":"suite","value":"SOT-COH"},{"name":"testClass","value":"SOT-COH"},{"name":"framework","value":"cucumber4jvm"},{"name":"language","value":"java"},{"name":"gherkin_uri","value":"file:src/test/java/com/project/features/SOT_COH.feature"},{"name":"package","value":"src.test.java.com.project.features.SOT_COH_feature.SOT-COH"}],"links":[],"name":"SOT-COH","status":"broken","statusDetails":{"known":false,"muted":false,"flaky":false,"message":"no such window: target window already closed\nfrom unknown error: web view not found\n  (Session info: chrome=117.0.5938.92)\nBuild info: version: '3.141.59', revision: 'e82be7d358', time: '2018-11-14T08:17:03'\nSystem info: host: 'GMLMAULUCA', ip: '192.168.1.13', os.name: 'Windows 11', os.arch: 'amd64', os.version: '10.0', java.version: '1.8.0_362'\nDriver info: org.openqa.selenium.chrome.ChromeDriver\nCapabilities {acceptInsecureCerts: false, browserName: chrome, browserVersion: 117.0.5938.92, chrome: {chromedriverVersion: 117.0.5938.92 (67649b10b92b..., userDataDir: C:\\Users\\AKIF~1.ULU\\AppData...}, fedcm:accounts: true, goog:chromeOptions: {debuggerAddress: localhost:54482}, javascriptEnabled: true, networkConnectionEnabled: false, pageLoadStrategy: none, platform: WINDOWS, platformName: WINDOWS, proxy: Proxy(), setWindowRect: true, strictFileInteractability: false, timeouts: {implicit: 0, pageLoad: 300000, script: 30000}, unhandledPromptBehavior: dismiss and notify, webauthn:extension:credBlob: true, webauthn:extension:largeBlob: true, webauthn:extension:minPinLength: true, webauthn:extension:prf: true, webauthn:virtualAuthenticators: true}\nSession ID: 54c5199af26d95ad27ccfb8e5d481c18","trace":"org.openqa.selenium.NoSuchWindowException: no such window: target window already closed\nfrom unknown error: web view not found\n  (Session info: chrome=117.0.5938.92)\nBuild info: version: '3.141.59', revision: 'e82be7d358', time: '2018-11-14T08:17:03'\nSystem info: host: 'GMLMAULUCA', ip: '192.168.1.13', os.name: 'Windows 11', os.arch: 'amd64', os.version: '10.0', java.version: '1.8.0_362'\nDriver info: org.openqa.selenium.chrome.ChromeDriver\nCapabilities {acceptInsecureCerts: false, browserName: chrome, browserVersion: 117.0.5938.92, chrome: {chromedriverVersion: 117.0.5938.92 (67649b10b92b..., userDataDir: C:\\Users\\AKIF~1.ULU\\AppData...}, fedcm:accounts: true, goog:chromeOptions: {debuggerAddress: localhost:54482}, javascriptEnabled: true, networkConnectionEnabled: false, pageLoadStrategy: none, platform: WINDOWS, platformName: WINDOWS, proxy: Proxy(), setWindowRect: true, strictFileInteractability: false, timeouts: {implicit: 0, pageLoad: 300000, script: 30000}, unhandledPromptBehavior: dismiss and notify, webauthn:extension:credBlob: true, webauthn:extension:largeBlob: true, webauthn:extension:minPinLength: true, webauthn:extension:prf: true, webauthn:virtualAuthenticators: true}\nSession ID: 54c5199af26d95ad27ccfb8e5d481c18\r\n\tat sun.reflect.NativeConstructorAccessorImpl.newInstance0(Native Method)\r\n\tat sun.reflect.NativeConstructorAccessorImpl.newInstance(NativeConstructorAccessorImpl.java:62)\r\n\tat sun.reflect.DelegatingConstructorAccessorImpl.newInstance(DelegatingConstructorAccessorImpl.java:45)\r\n\tat java.lang.reflect.Constructor.newInstance(Constructor.java:423)\r\n\tat org.openqa.selenium.remote.http.W3CHttpResponseCodec.createException(W3CHttpResponseCodec.java:187)\r\n\tat org.openqa.selenium.remote.http.W3CHttpResponseCodec.decode(W3CHttpResponseCodec.java:122)\r\n\tat org.openqa.selenium.remote.http.W3CHttpResponseCodec.decode(W3CHttpResponseCodec.java:49)\r\n\tat org.openqa.selenium.remote.HttpCommandExecutor.execute(HttpCommandExecutor.java:158)\r\n\tat org.openqa.selenium.remote.service.DriverCommandExecutor.execute(DriverCommandExecutor.java:83)\r\n\tat org.openqa.selenium.remote.RemoteWebDriver.execute(RemoteWebDriver.java:552)\r\n\tat org.openqa.selenium.remote.RemoteWebDriver.execute(RemoteWebDriver.java:609)\r\n\tat org.openqa.selenium.remote.RemoteWebDriver.getScreenshotAs(RemoteWebDriver.java:295)\r\n\tat com.saf.framework.CommonLib.findElement(CommonLib.java:115)\r\n\tat com.project.stepDefinitions.StepDefs.seeElement(StepDefs.java:697)\r\n\tat ✽.I see element: name input area at index 1(file:src/test/java/com/project/features/SOT_COH.feature:23)\r\n"},"stage":"finished","steps":[{"name":"Given  Open the https://efes.vodafone.com.tr/clicktodoor-mobil-dxl/ URL","status":"passed","statusDetails":{"known":false,"muted":false,"flaky":false},"stage":"finished","steps":[],"attachments":[],"parameters":[],"start":1696227344839,"stop":1696227344859},{"name":"Given  I do TCKN api call","status":"passed","statusDetails":{"known":false,"muted":false,"flaky":false},"stage":"finished","steps":[{"name":"Started TCKN api call.","status":"passed","stage":"finished","steps":[],"attachments":[],"parameters":[],"start":1696227344860,"stop":1696227344860},{"name":"Finished TCKN api call.","status":"passed","stage":"finished","steps":[],"attachments":[],"parameters":[],"start":1696227347892,"stop":1696227347892}],"attachments":[],"parameters":[],"start":1696227344860,"stop":1696227347892},{"name":"When  I see tariffPage page","status":"passed","statusDetails":{"known":false,"muted":false,"flaky":false},"stage":"finished","steps":[],"attachments":[],"parameters":[],"start":1696227347893,"stop":1696227349969},{"name":"Then  I click element: move your number button at index 1","status":"passed","statusDetails":{"known":false,"muted":false,"flaky":false},"stage":"finished","steps":[],"attachments":[{"name":"Element is clicked.","source":"19429ace-3038-4d55-ad30-4b779688832c-attachment"}],"parameters":[],"start":1696227349969,"stop":1696227350697},{"name":"And  I scroll down by 500 unit","status":"passed","statusDetails":{"known":false,"muted":false,"flaky":false},"stage":"finished","steps":[],"attachments":[],"parameters":[],"start":1696227350698,"stop":1696227360732},{"name":"When  I click element: swipe right button 1 at index 1","status":"passed","statusDetails":{"known":false,"muted":false,"flaky":false},"stage":"finished","steps":[],"attachments":[{"name":"Element is clicked.","source":"3046ff71-f777-450e-8742-629fd8ceaa79-attachment"}],"parameters":[],"start":1696227360732,"stop":1696227361307},{"name":"And  I wait for 15 seconds","status":"passed","statusDetails":{"known":false,"muted":false,"flaky":false},"stage":"finished","steps":[],"attachments":[],"parameters":[],"start":1696227361307,"stop":1696227376322},{"name":"Then  I see element: COH kirmizi firsat paketi at index 1","status":"passed","statusDetails":{"known":false,"muted":false,"flaky":false},"stage":"finished","steps":[],"attachments":[{"name":"Element seen.","source":"eecd430f-9f2f-4e22-ac68-fc0c74683848-attachment"}],"parameters":[],"start":1696227376322,"stop":1696227376674},{"name":"And  I click element: COH kirmizi firsat paketi select tariff button at index 1","status":"passed","statusDetails":{"known":false,"muted":false,"flaky":false},"stage":"finished","steps":[],"attachments":[{"name":"Element is clicked.","source":"1123b923-c9b0-4e68-8465-3fe9b4e0e567-attachment"}],"parameters":[],"start":1696227376674,"stop":1696227377319},{"name":"When  I enter \"5559992324\" text to phone number input area at index 1","status":"passed","statusDetails":{"known":false,"muted":false,"flaky":false},"stage":"finished","steps":[],"attachments":[{"name":"The text has been entered.","source":"ddf1c216-a145-4cb4-a32a-80496c49fab6-attachment"}],"parameters":[],"start":1696227377319,"stop":1696227379697},{"name":"Then  I click element: Onayla button at index 1","status":"passed","statusDetails":{"known":false,"muted":false,"flaky":false},"stage":"finished","steps":[],"attachments":[{"name":"Element is clicked.","source":"76283d06-7e82-40c5-ad4e-861174268a23-attachment"}],"parameters":[],"start":1696227379698,"stop":1696227380113},{"name":"When  I enter \"1111\" text to OTP code input area at index 1","status":"passed","statusDetails":{"known":false,"muted":false,"flaky":false},"stage":"finished","steps":[],"attachments":[{"name":"The text has been entered.","source":"4627dd2a-8dd9-4d2a-baff-590f2a796dfe-attachment"}],"parameters":[],"start":1696227380113,"stop":1696227382707},{"name":"Then  I click element: Onayla button at index 1","status":"passed","statusDetails":{"known":false,"muted":false,"flaky":false},"stage":"finished","steps":[],"attachments":[{"name":"Element is clicked.","source":"93093555-97b5-467f-ac05-7f9f3975c995-attachment"}],"parameters":[],"start":1696227382707,"stop":1696227383139},{"name":"And  I see element: name input area at index 1","status":"broken","statusDetails":{"known":false,"muted":false,"flaky":false,"message":"no such window: target window already closed\nfrom unknown error: web view not found\n  (Session info: chrome=117.0.5938.92)\nBuild info: version: '3.141.59', revision: 'e82be7d358', time: '2018-11-14T08:17:03'\nSystem info: host: 'GMLMAULUCA', ip: '192.168.1.13', os.name: 'Windows 11', os.arch: 'amd64', os.version: '10.0', java.version: '1.8.0_362'\nDriver info: org.openqa.selenium.chrome.ChromeDriver\nCapabilities {acceptInsecureCerts: false, browserName: chrome, browserVersion: 117.0.5938.92, chrome: {chromedriverVersion: 117.0.5938.92 (67649b10b92b..., userDataDir: C:\\Users\\AKIF~1.ULU\\AppData...}, fedcm:accounts: true, goog:chromeOptions: {debuggerAddress: localhost:54482}, javascriptEnabled: true, networkConnectionEnabled: false, pageLoadStrategy: none, platform: WINDOWS, platformName: WINDOWS, proxy: Proxy(), setWindowRect: true, strictFileInteractability: false, timeouts: {implicit: 0, pageLoad: 300000, script: 30000}, unhandledPromptBehavior: dismiss and notify, webauthn:extension:credBlob: true, webauthn:extension:largeBlob: true, webauthn:extension:minPinLength: true, webauthn:extension:prf: true, webauthn:virtualAuthenticators: true}\nSession ID: 54c5199af26d95ad27ccfb8e5d481c18","trace":"org.openqa.selenium.NoSuchWindowException: no such window: target window already closed\nfrom unknown error: web view not found\n  (Session info: chrome=117.0.5938.92)\nBuild info: version: '3.141.59', revision: 'e82be7d358', time: '2018-11-14T08:17:03'\nSystem info: host: 'GMLMAULUCA', ip: '192.168.1.13', os.name: 'Windows 11', os.arch: 'amd64', os.version: '10.0', java.version: '1.8.0_362'\nDriver info: org.openqa.selenium.chrome.ChromeDriver\nCapabilities {acceptInsecureCerts: false, browserName: chrome, browserVersion: 117.0.5938.92, chrome: {chromedriverVersion: 117.0.5938.92 (67649b10b92b..., userDataDir: C:\\Users\\AKIF~1.ULU\\AppData...}, fedcm:accounts: true, goog:chromeOptions: {debuggerAddress: localhost:54482}, javascriptEnabled: true, networkConnectionEnabled: false, pageLoadStrategy: none, platform: WINDOWS, platformName: WINDOWS, proxy: Proxy(), setWindowRect: true, strictFileInteractability: false, timeouts: {implicit: 0, pageLoad: 300000, script: 30000}, unhandledPromptBehavior: dismiss and notify, webauthn:extension:credBlob: true, webauthn:extension:largeBlob: true, webauthn:extension:minPinLength: true, webauthn:extension:prf: true, webauthn:virtualAuthenticators: true}\nSession ID: 54c5199af26d95ad27ccfb8e5d481c18\r\n\tat sun.reflect.NativeConstructorAccessorImpl.newInstance0(Native Method)\r\n\tat sun.reflect.NativeConstructorAccessorImpl.newInstance(NativeConstructorAccessorImpl.java:62)\r\n\tat sun.reflect.DelegatingConstructorAccessorImpl.newInstance(DelegatingConstructorAccessorImpl.java:45)\r\n\tat java.lang.reflect.Constructor.newInstance(Constructor.java:423)\r\n\tat org.openqa.selenium.remote.http.W3CHttpResponseCodec.createException(W3CHttpResponseCodec.java:187)\r\n\tat org.openqa.selenium.remote.http.W3CHttpResponseCodec.decode(W3CHttpResponseCodec.java:122)\r\n\tat org.openqa.selenium.remote.http.W3CHttpResponseCodec.decode(W3CHttpResponseCodec.java:49)\r\n\tat org.openqa.selenium.remote.HttpCommandExecutor.execute(HttpCommandExecutor.java:158)\r\n\tat org.openqa.selenium.remote.service.DriverCommandExecutor.execute(DriverCommandExecutor.java:83)\r\n\tat org.openqa.selenium.remote.RemoteWebDriver.execute(RemoteWebDriver.java:552)\r\n\tat org.openqa.selenium.remote.RemoteWebDriver.execute(RemoteWebDriver.java:609)\r\n\tat org.openqa.selenium.remote.RemoteWebDriver.getScreenshotAs(RemoteWebDriver.java:295)\r\n\tat com.saf.framework.CommonLib.findElement(CommonLib.java:115)\r\n\tat com.project.stepDefinitions.StepDefs.seeElement(StepDefs.java:697)\r\n\tat ✽.I see element: name input area at index 1(file:src/test/java/com/project/features/SOT_COH.feature:23)\r\n"},"stage":"finished","steps":[],"attachments":[],"parameters":[],"start":1696227383139,"stop":1696227388855},{"name":"When  I enter \"OFFER\" text to name input area at index 1","status":"skipped","statusDetails":{"known":false,"muted":false,"flaky":false},"stage":"finished","steps":[],"attachments":[],"parameters":[],"start":1696227388855,"stop":1696227388855},{"name":"Then  I enter \"UI\" text to surname input area at index 1","status":"skipped","statusDetails":{"known":false,"muted":false,"flaky":false},"stage":"finished","steps":[],"attachments":[],"parameters":[],"start":1696227388855,"stop":1696227388855},{"name":"And  I enter tckn to \"tckn input area\"","status":"skipped","statusDetails":{"known":false,"muted":false,"flaky":false},"stage":"finished","steps":[],"attachments":[],"parameters":[],"start":1696227388856,"stop":1696227388856},{"name":"When  I enter \"OFFERUI\" text to father name input area at index 1","status":"skipped","statusDetails":{"known":false,"muted":false,"flaky":false},"stage":"finished","steps":[],"attachments":[],"parameters":[],"start":1696227388856,"stop":1696227388856},{"name":"Then  I enter \"12121999\" text to date of birth input area at index 1","status":"skipped","statusDetails":{"known":false,"muted":false,"flaky":false},"stage":"finished","steps":[],"attachments":[],"parameters":[],"start":1696227388856,"stop":1696227388856},{"name":"And  I click element: submit button at index 1","status":"skipped","statusDetails":{"known":false,"muted":false,"flaky":false},"stage":"finished","steps":[],"attachments":[],"parameters":[],"start":1696227388857,"stop":1696227388857},{"name":"When  I click element: \"deliver to shop selection\" if it exists at index 1","status":"skipped","statusDetails":{"known":false,"muted":false,"flaky":false},"stage":"finished","steps":[],"attachments":[],"parameters":[],"start":1696227388857,"stop":1696227388857},{"name":"Then  I click element: city selection at index 1","status":"skipped","statusDetails":{"known":false,"muted":false,"flaky":false},"stage":"finished","steps":[],"attachments":[],"parameters":[],"start":1696227388857,"stop":1696227388857},{"name":"Then  I click element: city selection Ankara button at index 1","status":"skipped","statusDetails":{"known":false,"muted":false,"flaky":false},"stage":"finished","steps":[],"attachments":[],"parameters":[],"start":1696227388857,"stop":1696227388857},{"name":"Then  I click element: district selection at index 1","status":"skipped","statusDetails":{"known":false,"muted":false,"flaky":false},"stage":"finished","steps":[],"attachments":[],"parameters":[],"start":1696227388857,"stop":1696227388858},{"name":"Then  I click element: district selection Akyurt button at index 1","status":"skipped","statusDetails":{"known":false,"muted":false,"flaky":false},"stage":"finished","steps":[],"attachments":[],"parameters":[],"start":1696227388858,"stop":1696227388859},{"name":"Then  I click element: neighbourhood selection at index 1","status":"skipped","statusDetails":{"known":false,"muted":false,"flaky":false},"stage":"finished","steps":[],"attachments":[],"parameters":[],"start":1696227388859,"stop":1696227388859},{"name":"Then  I click element: neighbourhood selection Ataturk button at index 1","status":"skipped","statusDetails":{"known":false,"muted":false,"flaky":false},"stage":"finished","steps":[],"attachments":[],"parameters":[],"start":1696227388860,"stop":1696227388860},{"name":"Then  I enter \"merkez\" text to address input box at index 1","status":"skipped","statusDetails":{"known":false,"muted":false,"flaky":false},"stage":"finished","steps":[],"attachments":[],"parameters":[],"start":1696227388860,"stop":1696227388860},{"name":"And  I enter \"abc@gmail.com\" text to email input box at index 1","status":"skipped","statusDetails":{"known":false,"muted":false,"flaky":false},"stage":"finished","steps":[],"attachments":[],"parameters":[],"start":1696227388860,"stop":1696227388860},{"name":"When  I see element: continue button at index 1","status":"skipped","statusDetails":{"known":false,"muted":false,"flaky":false},"stage":"finished","steps":[],"attachments":[],"parameters":[],"start":1696227388860,"stop":1696227388860},{"name":"Then  I click element: continue button at index 1","status":"skipped","statusDetails":{"known":false,"muted":false,"flaky":false},"stage":"finished","steps":[],"attachments":[],"parameters":[],"start":1696227388861,"stop":1696227388861},{"name":"And  I wait for 60 seconds","status":"skipped","statusDetails":{"known":false,"muted":false,"flaky":false},"stage":"finished","steps":[],"attachments":[],"parameters":[],"start":1696227388861,"stop":1696227388861}],"attachments":[],"parameters":[],"start":1696227344787,"stop":1696227388862}